<?xml version="1.0" encoding="UTF-8"?>
<!-- Generated by org.testng.reporters.JUnitReportReporter -->
<testsuite skipped="0" hostname="MC0AFCSC" name="CheckPoint.CallingExcelCell" tests="1" failures="0" timestamp="23 May 2019 22:50:41 GMT" time="1.164" errors="0">
  <testcase name="readexcel_dat" time="1.164" classname="CheckPoint.CallingExcelCell"/>
</testsuite> <!-- CheckPoint.CallingExcelCell -->
